#
# There is insufficient memory for the Java Runtime Environment to continue.
# Native memory allocation (malloc) failed to allocate 1048576 bytes for AllocateHeap
# Possible reasons:
#   The system is out of physical RAM or swap space
#   The process is running with CompressedOops enabled, and the Java Heap may be blocking the growth of the native heap
# Possible solutions:
#   Reduce memory load on the system
#   Increase physical memory or swap space
#   Check if swap backing store is full
#   Decrease Java heap size (-Xmx/-Xms)
#   Decrease number of Java threads
#   Decrease Java thread stack sizes (-Xss)
#   Set larger code cache with -XX:ReservedCodeCacheSize=
#   JVM is running with Unscaled Compressed Oops mode in which the Java heap is
#     placed in the first 4GB address space. The Java Heap base address is the
#     maximum limit for the native heap growth. Please use -XX:HeapBaseMinAddress
#     to set the Java Heap base and to place the Java Heap above 4GB virtual address.
# This output file may be truncated or incomplete.
#
#  Out of Memory Error (allocation.cpp:44), pid=14688, tid=12632
#
# JRE version:  (17.0.7+7) (build )
# Java VM: OpenJDK 64-Bit Server VM (17.0.7+7, mixed mode, sharing, tiered, compressed oops, compressed class ptrs, g1 gc, windows-amd64)
# No core dump will be written. Minidumps are not enabled by default on client versions of Windows
#

---------------  S U M M A R Y ------------

Command Line: -Xbootclasspath/a: -Xms256m -Xmx1024m -XX:+HeapDumpOnOutOfMemoryError -Dcom.sun.management.jmxremote -Dballerina.home=C:\PROGRA~1\BALLER~1\DISTRI~1\BALLER~1.3\bin\.. -Dballerina.target=jvm -Djava.command=C:\PROGRA~1\BALLER~1\DISTRI~1\BALLER~1.3\bin\..\..\..\dependencies\jdk-17.0.7+7-jre\bin\java -Djava.opts= -Denable.nonblocking=false -Dfile.encoding=UTF8 -Dballerina.version=2201.9.3 io.ballerina.cli.launcher.Main pull ballerina/http

Host: AMD Ryzen 3 7320U with Radeon Graphics         , 8 cores, 3G,  Windows 11 , 64 bit Build 22621 (10.0.22621.3958)
Time: Tue Sep 17 08:53:21 2024 Namibia Standard Time elapsed time: 0.040687 seconds (0d 0h 0m 0s)

---------------  T H R E A D  ---------------

Current thread (0x000001976ac0a860):  JavaThread "Unknown thread" [_thread_in_vm, id=12632, stack(0x0000002c37f00000,0x0000002c38000000)]

Stack: [0x0000002c37f00000,0x0000002c38000000]
Native frames: (J=compiled Java code, j=interpreted, Vv=VM code, C=native code)
V  [jvm.dll+0x67754a]
V  [jvm.dll+0x834304]
V  [jvm.dll+0x835aae]
V  [jvm.dll+0x836113]
V  [jvm.dll+0x24696f]
V  [jvm.dll+0xa681f]
V  [jvm.dll+0x2d8bd4]
V  [jvm.dll+0x80669c]
V  [jvm.dll+0x36ac91]
V  [jvm.dll+0x7e5cec]
V  [jvm.dll+0x3ed56f]
V  [jvm.dll+0x3ef0a1]
C  [jli.dll+0x528b]
C  [ucrtbase.dll+0x29333]
C  [KERNEL32.DLL+0x1257d]
C  [ntdll.dll+0x5af28]


---------------  P R O C E S S  ---------------

Threads class SMR info:
_java_thread_list=0x00007ff85f337018, length=0, elements={
}

Java Threads: ( => current thread )

Other Threads:

=>0x000001976ac0a860 (exited) JavaThread "Unknown thread" [_thread_in_vm, id=12632, stack(0x0000002c37f00000,0x0000002c38000000)]

Threads with active compile tasks:

VM state: not at safepoint (not fully initialized)

VM Mutex/Monitor currently owned by a thread: None

Heap address: 0x0000000000000000, size: 0 MB, Compressed Oops mode: 32-bit

CDS archive(s) mapped at: [0x0000000000000000-0x0000000000000000-0x0000000000000000), size 0, SharedBaseAddress: 0x0000000800000000, ArchiveRelocationMode: 0.
Narrow klass base: 0x0000000000000000, Narrow klass shift: 0, Narrow klass range: 0x0

GC Precious Log:
<Empty>

GC Heap History (0 events):
No events

Dll operation events (1 events):
Event: 0.028 Loaded shared library C:\PROGRA~1\BALLER~1\dependencies\jdk-17.0.7+7-jre\bin\java.dll

Deoptimization events (0 events):
No events

Classes unloaded (0 events):
No events

Classes redefined (0 events):
No events

Internal exceptions (0 events):
No events

VM Operations (0 events):
No events

Events (0 events):
No events


Dynamic libraries:
0x00007ff721620000 - 0x00007ff72162e000 	C:\PROGRA~1\BALLER~1\dependencies\jdk-17.0.7+7-jre\bin\java.exe
0x00007ff8c0990000 - 0x00007ff8c0ba7000 	C:\Windows\SYSTEM32\ntdll.dll
0x00007ff8bea50000 - 0x00007ff8beb14000 	C:\Windows\System32\KERNEL32.DLL
0x00007ff8bddd0000 - 0x00007ff8be17d000 	C:\Windows\System32\KERNELBASE.dll
0x00007ff8be5a0000 - 0x00007ff8be6b1000 	C:\Windows\System32\ucrtbase.dll
0x00007ff8b5230000 - 0x00007ff8b5247000 	C:\PROGRA~1\BALLER~1\dependencies\jdk-17.0.7+7-jre\bin\jli.dll
0x00007ff8aad10000 - 0x00007ff8aad29000 	C:\PROGRA~1\BALLER~1\dependencies\jdk-17.0.7+7-jre\bin\VCRUNTIME140.dll
0x00007ff8c07a0000 - 0x00007ff8c094e000 	C:\Windows\System32\USER32.dll
0x00007ff8a2be0000 - 0x00007ff8a2e73000 	C:\Windows\WinSxS\amd64_microsoft.windows.common-controls_6595b64144ccf1df_6.0.22621.3672_none_2713b9d173822955\COMCTL32.dll
0x00007ff8be4d0000 - 0x00007ff8be4f6000 	C:\Windows\System32\win32u.dll
0x00007ff8c0640000 - 0x00007ff8c06e7000 	C:\Windows\System32\msvcrt.dll
0x00007ff8c0010000 - 0x00007ff8c0039000 	C:\Windows\System32\GDI32.dll
0x00007ff8bdcb0000 - 0x00007ff8bddc9000 	C:\Windows\System32\gdi32full.dll
0x00007ff8be200000 - 0x00007ff8be29a000 	C:\Windows\System32\msvcp_win.dll
0x00007ff8c02a0000 - 0x00007ff8c02d1000 	C:\Windows\System32\IMM32.DLL
0x00007ff8b51d0000 - 0x00007ff8b51dc000 	C:\PROGRA~1\BALLER~1\dependencies\jdk-17.0.7+7-jre\bin\vcruntime140_1.dll
0x00007ff87d810000 - 0x00007ff87d8a1000 	C:\PROGRA~1\BALLER~1\dependencies\jdk-17.0.7+7-jre\bin\msvcp140.dll
0x00007ff85e820000 - 0x00007ff85f468000 	C:\PROGRA~1\BALLER~1\dependencies\jdk-17.0.7+7-jre\bin\server\jvm.dll
0x00007ff8c0440000 - 0x00007ff8c04f2000 	C:\Windows\System32\ADVAPI32.dll
0x00007ff8c0510000 - 0x00007ff8c05b9000 	C:\Windows\System32\sechost.dll
0x00007ff8be570000 - 0x00007ff8be598000 	C:\Windows\System32\bcrypt.dll
0x00007ff8bf480000 - 0x00007ff8bf594000 	C:\Windows\System32\RPCRT4.dll
0x00007ff8b1100000 - 0x00007ff8b1109000 	C:\Windows\SYSTEM32\WSOCK32.dll
0x00007ff8b8360000 - 0x00007ff8b8394000 	C:\Windows\SYSTEM32\WINMM.dll
0x00007ff8b2d10000 - 0x00007ff8b2d1a000 	C:\Windows\SYSTEM32\VERSION.dll
0x00007ff8beb20000 - 0x00007ff8beb91000 	C:\Windows\System32\WS2_32.dll
0x00007ff8bcce0000 - 0x00007ff8bccf8000 	C:\Windows\SYSTEM32\kernel.appcore.dll
0x00007ff8aab60000 - 0x00007ff8aab6a000 	C:\PROGRA~1\BALLER~1\dependencies\jdk-17.0.7+7-jre\bin\jimage.dll
0x00007ff8bb660000 - 0x00007ff8bb892000 	C:\Windows\SYSTEM32\DBGHELP.DLL
0x00007ff8be6c0000 - 0x00007ff8bea4e000 	C:\Windows\System32\combase.dll
0x00007ff8bf3a0000 - 0x00007ff8bf477000 	C:\Windows\System32\OLEAUT32.dll
0x00007ff8b1c80000 - 0x00007ff8b1cb2000 	C:\Windows\SYSTEM32\dbgcore.DLL
0x00007ff8be180000 - 0x00007ff8be1fb000 	C:\Windows\System32\bcryptPrimitives.dll
0x00007ff895020000 - 0x00007ff895045000 	C:\PROGRA~1\BALLER~1\dependencies\jdk-17.0.7+7-jre\bin\java.dll

dbghelp: loaded successfully - version: 4.0.5 - missing functions: none
symbol engine: initialized successfully - sym options: 0x614 - pdb path: .;C:\PROGRA~1\BALLER~1\dependencies\jdk-17.0.7+7-jre\bin;C:\Windows\SYSTEM32;C:\Windows\WinSxS\amd64_microsoft.windows.common-controls_6595b64144ccf1df_6.0.22621.3672_none_2713b9d173822955;C:\PROGRA~1\BALLER~1\dependencies\jdk-17.0.7+7-jre\bin\server

VM Arguments:
jvm_args: -Xbootclasspath/a: -Xms256m -Xmx1024m -XX:+HeapDumpOnOutOfMemoryError -Dcom.sun.management.jmxremote -Dballerina.home=C:\PROGRA~1\BALLER~1\DISTRI~1\BALLER~1.3\bin\.. -Dballerina.target=jvm -Djava.command=C:\PROGRA~1\BALLER~1\DISTRI~1\BALLER~1.3\bin\..\..\..\dependencies\jdk-17.0.7+7-jre\bin\java -Djava.opts= -Denable.nonblocking=false -Dfile.encoding=UTF8 -Dballerina.version=2201.9.3 
java_command: io.ballerina.cli.launcher.Main pull ballerina/http
java_class_path (initial): .\bre\lib\bootstrap;;C:\PROGRA~1\BALLER~1\DISTRI~1\BALLER~1.3\bin\..\..\..\dependencies\jdk-17.0.7+7-jre\lib\tools.jar;C:\PROGRA~1\BALLER~1\DISTRI~1\BALLER~1.3\bin\..\bre\lib\annotations-2201.9.3.jar;C:\PROGRA~1\BALLER~1\DISTRI~1\BALLER~1.3\bin\..\bre\lib\architecture-model-generator-core-1.4.0.jar;C:\PROGRA~1\BALLER~1\DISTRI~1\BALLER~1.3\bin\..\bre\lib\architecture-model-generator-plugin-1.4.0.jar;C:\PROGRA~1\BALLER~1\DISTRI~1\BALLER~1.3\bin\..\bre\lib\array-2201.9.3.jar;C:\PROGRA~1\BALLER~1\DISTRI~1\BALLER~1.3\bin\..\bre\lib\asm-9.5.jar;C:\PROGRA~1\BALLER~1\DISTRI~1\BALLER~1.3\bin\..\bre\lib\asm-analysis-9.5.jar;C:\PROGRA~1\BALLER~1\DISTRI~1\BALLER~1.3\bin\..\bre\lib\asm-commons-9.5.jar;C:\PROGRA~1\BALLER~1\DISTRI~1\BALLER~1.3\bin\..\bre\lib\asm-tree-9.5.jar;C:\PROGRA~1\BALLER~1\DISTRI~1\BALLER~1.3\bin\..\bre\lib\asm-util-9.5.jar;C:\PROGRA~1\BALLER~1\DISTRI~1\BALLER~1.3\bin\..\bre\lib\asyncapi-cli-0.8.0.jar;C:\PROGRA~1\BALLER~1\DISTRI~1\BALLER~1.3\bin\..\bre\lib\atomikos-util-5.0.8.jar;C:\PROGRA~1\BALLER~1\DISTRI~1\BALLER~1.3\bin\..\bre\lib\axiom-api-1.4.0.jar;C:\PROGRA~1\BALLER~1\DISTRI~1\BALLER~1.3\bin\..\bre\lib\axiom-impl-1.4.0.jar;C:\PROGRA~1\BALLER~1\DISTRI~1\BALLER~1.3\bin\..\bre\lib\ballerina-bindgen-2201.9.3.jar;C:\PROGRA~1\BALLER~1\DISTRI~1\BALLER~1.3\bin\..\bre\lib\ballerina-cli-2201.9.3.jar;C:\PROGRA~1\BALLER~1\DISTRI~1\BALLER~1.3\bin\..\bre\lib\ballerina-io-internal-2201.9.3.jar;C:\PROGRA~1\BALLER~1\DISTRI~1\BALLER~1.3\bin\..\bre\lib\ballerina-lang-2201.9.3.jar;C:\PROGRA~1\BALLER~1\DISTRI~1\BALLER~1.3\bin\..\bre\lib\ballerina-linter-2201.9.3.jar;C:\PROGRA~1\BALLER~1\DISTRI~1\BALLER~1.3\bin\..\bre\lib\ballerina-metrics-extension-2201.9.3.jar;C:\PROGRA~1\BALLER~1\DISTRI~1\BALLER~1.3\bin\..\bre\lib\ballerina-parser-2201.9.3.jar;C:\PROGRA~1\BALLER~1\DISTRI~1\BALLER~1.3\bin\..\bre\lib\ballerina-profiler-1.0.jar;C:\PROGRA~1\BALLER~1\DISTRI~1\BALLER~1.3\bin\..\bre\lib\ballerina-rt-2201.9.3.jar;C:\PROGRA~1\BALLER~1\DISTRI~1\BALLER
Launcher Type: SUN_STANDARD

[Global flags]
     intx CICompilerCount                          = 4                                         {product} {ergonomic}
     uint ConcGCThreads                            = 2                                         {product} {ergonomic}
     uint G1ConcRefinementThreads                  = 8                                         {product} {ergonomic}
   size_t G1HeapRegionSize                         = 1048576                                   {product} {ergonomic}
    uintx GCDrainStackTargetSize                   = 64                                        {product} {ergonomic}
     bool HeapDumpOnOutOfMemoryError               = true                                   {manageable} {command line}
   size_t InitialHeapSize                          = 268435456                                 {product} {command line}
     bool ManagementServer                         = true                                      {product} {command line}
   size_t MarkStackSize                            = 4194304                                   {product} {ergonomic}
   size_t MaxHeapSize                              = 1073741824                                {product} {command line}
   size_t MinHeapDeltaBytes                        = 1048576                                   {product} {ergonomic}
   size_t MinHeapSize                              = 268435456                                 {product} {command line}
    uintx NonNMethodCodeHeapSize                   = 5839372                                {pd product} {ergonomic}
    uintx NonProfiledCodeHeapSize                  = 122909434                              {pd product} {ergonomic}
    uintx ProfiledCodeHeapSize                     = 122909434                              {pd product} {ergonomic}
    uintx ReservedCodeCacheSize                    = 251658240                              {pd product} {ergonomic}
     bool SegmentedCodeCache                       = true                                      {product} {ergonomic}
   size_t SoftMaxHeapSize                          = 1073741824                             {manageable} {ergonomic}
     bool UseCompressedClassPointers               = true                           {product lp64_product} {ergonomic}
     bool UseCompressedOops                        = true                           {product lp64_product} {ergonomic}
     bool UseG1GC                                  = true                                      {product} {ergonomic}
     bool UseLargePagesIndividualAllocation        = false                                  {pd product} {ergonomic}

Logging:
Log output configuration:
 #0: stdout all=warning uptime,level,tags
 #1: stderr all=off uptime,level,tags

Environment Variables:
JAVA_HOME=C:\PROGRA~1\BALLER~1\DISTRI~1\BALLER~1.3\bin\..\..\..\dependencies\jdk-17.0.7+7-jre
PATH=C:\Program Files\Common Files\Oracle\Java\javapath;C:\Windows\system32;C:\Windows;C:\Windows\System32\Wbem;C:\Windows\System32\WindowsPowerShell\v1.0\;C:\Windows\System32\OpenSSH\;C:\Program Files\Java\jdk-20\bin;C:\Program Files (x86)\Microsoft SQL Server\160\Tools\Binn\;C:\Program Files\Microsoft SQL Server\160\Tools\Binn\;C:\Program Files\Microsoft SQL Server\Client SDK\ODBC\170\Tools\Binn\;C:\Program Files\Microsoft SQL Server\160\DTS\Binn\;C:\Program Files (x86)\Microsoft SQL Server\160\DTS\Binn\;C:\Program Files\Azure Data Studio\bin;C:\Program Files\nodejs\;C:\Program Files\dotnet\;C:\Program Files\MySQL\MySQL Server 8.0\bin;C:\Program Files\Git\cmd;C:\Program Files\Ballerina\\bin;C:\Users\orili\AppData\Local\Programs\Python\Launcher\;C:\Program Files\MySQL\MySQL Shell 8.0\bin\;C:\Users\orili\AppData\Local\Microsoft\WindowsApps;C:\Program Files\Azure Data Studio\bin;C:\Users\orili\AppData\Roaming\npm;C:\Users\orili\.dotnet\tools;C:\Users\orili\AppData\Local\Programs\Microsoft VS Code\bin
USERNAME=orili
LANG=en_US.UTF-8
OS=Windows_NT
PROCESSOR_IDENTIFIER=AMD64 Family 23 Model 160 Stepping 0, AuthenticAMD
TMP=C:\Users\orili\AppData\Local\Temp
TEMP=C:\Users\orili\AppData\Local\Temp



---------------  S Y S T E M  ---------------

OS:
 Windows 11 , 64 bit Build 22621 (10.0.22621.3958)
OS uptime: 0 days 9:54 hours
Hyper-V role detected

CPU: total 8 (initial active 8) (8 cores per cpu, 2 threads per core) family 23 model 160 stepping 0 microcode 0x0, cx8, cmov, fxsr, ht, mmx, 3dnowpref, sse, sse2, sse3, ssse3, sse4a, sse4.1, sse4.2, popcnt, lzcnt, tsc, tscinvbit, avx, avx2, aes, clmul, bmi1, bmi2, adx, sha, fma, vzeroupper, clflush, clflushopt, hv

Memory: 4k page, system-wide physical 3317M (245M free)
TotalPageFile size 13557M (AvailPageFile size 4M)
current process WorkingSet (physical memory assigned to process): 10M, peak: 10M
current process commit charge ("private bytes"): 13M, peak: 14M

vm_info: OpenJDK 64-Bit Server VM (17.0.7+7) for windows-amd64 JRE (17.0.7+7), built on Apr 18 2023 22:10:42 by "temurin" with MS VC++ 16.7 (VS2019)

END.
